<?xml version="1.0" encoding="UTF-8"?>
<!-- Generated by org.testng.reporters.JUnitReportReporter -->
<testsuite hostname="DESKTOP-33K01BC" failures="0" tests="1" name="com.qa.fifa.SearchTest" time="6.784" errors="0" timestamp="2022-12-04T11:59:07 EST" skipped="0">
  <testcase classname="com.qa.fifa.SearchTest" name="validateSearch" time="6.784"/>
  <system-out/>
</testsuite> <!-- com.qa.fifa.SearchTest -->
